q1:
0,40.753182,-73.992388
1,40.735652,-73.992548
3,40.70404,-74.00654
4,40.764575,-73.966732
5,40.750182,-73.97831
7,40.764758,-73.977765
8,40.779305,-73.977527
9,40.751875,-73.9939
q2:
24.1
q3:
0,2010-02-03 20:51:29+00:00,12.9,2010,2,20,2
1,2013-06-09 13:42:00+00:00,14.5,2013,6,13,6
2,2012-02-16 12:47:00+00:00,105.7,2012,2,12,3
3,2012-04-22 09:49:00+00:00,6.9,2012,4,9,6
4,2009-07-21 15:06:20+00:00,9.7,2009,7,15,1
5,2010-01-27 11:26:00+00:00,27.07,2010,1,11,2
6,2013-03-12 23:12:40+00:00,288.5,2013,3,23,1
7,2014-04-24 11:48:57+00:00,6.5,2014,4,11,3
8,2012-09-15 22:42:22+00:00,9.0,2012,9,22,5
9,2009-01-04 12:53:00+00:00,16.9,2009,1,12,6
q4:
0,2010-02-03 20:51:29+00:00,12.9
1,2013-06-09 13:42:00+00:00,14.5
3,2012-04-22 09:49:00+00:00,6.9
4,2009-07-21 15:06:20+00:00,9.7
5,2010-01-27 11:26:00+00:00,27.07
7,2014-04-24 11:48:57+00:00,6.5
8,2012-09-15 22:42:22+00:00,9.0
9,2009-01-04 12:53:00+00:00,16.9
